<?xml version="1.0" encoding="UTF-8"?>
<!-- Generated by org.testng.reporters.JUnitReportReporter -->
<testsuite hostname="LP-J54M1Z2" failures="0" tests="2" name="org.tutorialsNinja.SearchProductsTest" time="0.907" errors="0" timestamp="2021-06-17T14:06:20 IST" skipped="0">
  <testcase classname="org.tutorialsNinja.SearchProductsTest" name="Search" time="0.435"/>
  <system-out/>
  <testcase classname="org.tutorialsNinja.SearchProductsTest" name="Search" time="0.472"/>
  <system-out/>
</testsuite> <!-- org.tutorialsNinja.SearchProductsTest -->
