<?xml version="1.0" encoding="UTF-8"?>
<!-- Generated by org.testng.reporters.JUnitReportReporter -->
<testsuite hostname="LP-J54M1Z2" failures="0" tests="6" name="org.tutorialsNinja.CheckOutPageTests" time="8.975" errors="0" timestamp="2021-06-17T14:06:20 IST" skipped="0">
  <testcase classname="org.tutorialsNinja.CheckOutPageTests" name="tutorialNinjaPageLaunchVeriffication" time="0.127"/>
  <system-out/>
  <testcase classname="org.tutorialsNinja.CheckOutPageTests" name="addtoCart" time="3.468"/>
  <system-out/>
  <testcase classname="org.tutorialsNinja.CheckOutPageTests" name="proceedToCheckoutPage" time="0.333"/>
  <system-out/>
  <testcase classname="org.tutorialsNinja.CheckOutPageTests" name="ProceedOrderWithExistingAccount" time="1.788"/>
  <system-out/>
  <testcase classname="org.tutorialsNinja.CheckOutPageTests" name="AcceptTermsAndSlectPaymentMethod" time="1.951"/>
  <system-out/>
  <testcase classname="org.tutorialsNinja.CheckOutPageTests" name="VerifyAndPlaceOrder" time="1.308"/>
  <system-out/>
</testsuite> <!-- org.tutorialsNinja.CheckOutPageTests -->
