<?xml version="1.0" encoding="UTF-8"?>
<!-- Generated by org.testng.reporters.JUnitReportReporter -->
<testsuite hostname="LP-J54M1Z2" failures="0" tests="7" name="org.tutorialsNinja.CamerasPageTests" time="4.331" errors="0" timestamp="2021-06-17T14:06:20 IST" skipped="0">
  <testcase classname="org.tutorialsNinja.CamerasPageTests" name="tutorialNinjaPageLaunchVeriffication" time="0.124"/>
  <system-out/>
  <testcase classname="org.tutorialsNinja.CamerasPageTests" name="camerasTabLandingVerification" time="0.319"/>
  <system-out/>
  <testcase classname="org.tutorialsNinja.CamerasPageTests" name="verifyUIelementsOfCamerasTab" time="0.075"/>
  <system-out/>
  <testcase classname="org.tutorialsNinja.CamerasPageTests" name="verifyGridListView" time="0.117"/>
  <system-out/>
  <testcase classname="org.tutorialsNinja.CamerasPageTests" name="addCameraToCart" time="3.114"/>
  <system-out/>
  <testcase classname="org.tutorialsNinja.CamerasPageTests" name="addCameraToWishlist" time="0.236"/>
  <system-out/>
  <testcase classname="org.tutorialsNinja.CamerasPageTests" name="addCameraToCompare" time="0.346"/>
  <system-out/>
</testsuite> <!-- org.tutorialsNinja.CamerasPageTests -->
