<?xml version="1.0" encoding="UTF-8"?>
<!-- Generated by org.testng.reporters.JUnitReportReporter -->
<testsuite hostname="LP-J54M1Z2" failures="0" tests="3" name="org.tutorialsNinja.SeleniumPOCTestRun" time="26.949" errors="0" timestamp="2021-06-15T16:54:01 IST" skipped="0">
  <testcase classname="org.tutorialsNinja.SeleniumPOCTestRun" name="shoppingCartWebTable" time="0.226"/>
  <system-out/>
  <testcase classname="org.tutorialsNinja.SeleniumPOCTestRun" name="loginPageScenarios" time="11.411"/>
  <system-out/>
  <testcase classname="org.tutorialsNinja.SeleniumPOCTestRun" name="addCamerasItemToCart" time="15.312"/>
  <system-out/>
</testsuite> <!-- org.tutorialsNinja.SeleniumPOCTestRun -->
