<?xml version="1.0" encoding="UTF-8"?>
<!-- Generated by org.testng.reporters.JUnitReportReporter -->
<testsuite hostname="LP-J54M1Z2" failures="0" tests="3" name="org.tutorialsNinja.AddToCartTest" time="2.353" errors="0" timestamp="2021-06-17T14:06:20 IST" skipped="0">
  <testcase classname="org.tutorialsNinja.AddToCartTest" name="shoppingCartWebTable" time="0.090"/>
  <system-out/>
  <testcase classname="org.tutorialsNinja.AddToCartTest" name="loginPageScenarios" time="1.135"/>
  <system-out/>
  <testcase classname="org.tutorialsNinja.AddToCartTest" name="addCamerasItemToCart" time="1.128"/>
  <system-out/>
</testsuite> <!-- org.tutorialsNinja.AddToCartTest -->
